<?xml version="1.0" encoding="UTF-8"?>
<!-- Generated by org.testng.reporters.JUnitReportReporter -->
<testsuite hostname="macOSs-iMac-Pro.local" failures="0" tests="1" name="appium.REAutomation.BaseTest" time="36.116" errors="0" timestamp="2024-04-03T17:26:11 IST" skipped="0">
  <testcase classname="appium.REAutomation.BaseTest" name="EuropeBasicTest" time="36.116"/>
</testsuite> <!-- appium.REAutomation.BaseTest -->
