<?xml version="1.0" encoding="UTF-8"?>
<!-- Generated by org.testng.reporters.JUnitReportReporter -->
<testsuite hostname="macOSs-iMac-Pro.local" failures="0" tests="2" name="appium.REAutomation.AddVehicle" time="42.136" errors="0" timestamp="2024-04-04T15:59:18 IST" skipped="0">
  <testcase classname="appium.REAutomation.AddVehicle" name="EuropeBasicTest" time="38.378"/>
  <testcase classname="appium.REAutomation.AddVehicle" name="settingRE" time="3.758"/>
</testsuite> <!-- appium.REAutomation.AddVehicle -->
