<?xml version="1.0" encoding="UTF-8"?>
<!-- Generated by org.testng.reporters.JUnitReportReporter -->
<testsuite hostname="macOSs-iMac-Pro.local" failures="0" tests="1" name="appium.REAutomation.IosTest" time="16.181" errors="0" timestamp="2024-02-28T15:06:59 IST" skipped="0">
  <testcase classname="appium.REAutomation.IosTest" name="AppiumTest" time="16.181"/>
</testsuite> <!-- appium.REAutomation.IosTest -->
