<?xml version="1.0" encoding="UTF-8"?>
<!-- Generated by org.testng.reporters.JUnitReportReporter -->
<testsuite hostname="macOSs-iMac-Pro.local" failures="0" tests="1" name="appium.REAutomation.EuropeBasic" time="2.187" errors="0" timestamp="2024-02-28T18:00:41 IST" skipped="0">
  <testcase classname="appium.REAutomation.EuropeBasic" name="EuropeBasicTest" time="2.187"/>
</testsuite> <!-- appium.REAutomation.EuropeBasic -->
