<?xml version="1.0" encoding="UTF-8"?>
<!-- Generated by org.testng.reporters.JUnitReportReporter -->
<testsuite hostname="macOSs-iMac-Pro.local" failures="0" tests="3" name="appium.REAutomation.EuropeB" time="53.151" errors="0" timestamp="2024-04-04T17:18:25 IST" skipped="0">
  <testcase classname="appium.REAutomation.EuropeB" name="EuropeBasicTest" time="20.768"/>
  <testcase classname="appium.REAutomation.EuropeB" name="signUp" time="30.789"/>
  <testcase classname="appium.REAutomation.EuropeB" name="addingRE" time="1.594"/>
</testsuite> <!-- appium.REAutomation.EuropeB -->
